app/build/intermediates/manifest_merge_blame_file/debug/manifest-merger-blame-debug-report.txt
1<?xml version="1.0" encoding="utf-8"?>
2<manifest xmlns:android="http://schemas.android.com/apk/res/android"
3    package="com.example.project"
4    android:versionCode="1"
5    android:versionName="1.0" >
6
7    <uses-sdk
8        android:minSdkVersion="21"
8-->src\main\AndroidManifest.xml
9        android:targetSdkVersion="31" />
9-->src\main\AndroidManifest.xml
10
11    <uses-permission android:name="android.permission.INTERNET" />
11-->src\main\AndroidManifest.xml:5:5-67
11-->src\main\AndroidManifest.xml:5:22-64
12    <uses-permission android:name="android.permission.CAMERA" /> <!-- Don't require camera, as this requires a rear camera. This allows it to work on the Nexus 7 -->
12-->[com.journeyapps:zxing-android-embedded:3.5.0] AndroidManifest.xml:21:5-65
12-->[com.journeyapps:zxing-android-embedded:3.5.0] AndroidManifest.xml:21:22-62
13    <uses-feature
13-->[com.journeyapps:zxing-android-embedded:3.5.0] AndroidManifest.xml:24:5-26:36
14        android:name="android.hardware.camera"
14-->[com.journeyapps:zxing-android-embedded:3.5.0] AndroidManifest.xml:25:9-47
15        android:required="false" />
15-->[com.journeyapps:zxing-android-embedded:3.5.0] AndroidManifest.xml:26:9-33
16    <uses-feature
16-->[com.journeyapps:zxing-android-embedded:3.5.0] AndroidManifest.xml:27:5-29:36
17        android:name="android.hardware.camera.front"
17-->[com.journeyapps:zxing-android-embedded:3.5.0] AndroidManifest.xml:28:9-53
18        android:required="false" /> <!-- TODO replace above two with next line after Android 4.2 -->
18-->[com.journeyapps:zxing-android-embedded:3.5.0] AndroidManifest.xml:29:9-33
19    <!-- <uses-feature android:name="android.hardware.camera.any"/> -->
20    <uses-feature
20-->[com.journeyapps:zxing-android-embedded:3.5.0] AndroidManifest.xml:32:5-34:36
21        android:name="android.hardware.camera.autofocus"
21-->[com.journeyapps:zxing-android-embedded:3.5.0] AndroidManifest.xml:33:9-57
22        android:required="false" />
22-->[com.journeyapps:zxing-android-embedded:3.5.0] AndroidManifest.xml:34:9-33
23    <uses-feature
23-->[com.journeyapps:zxing-android-embedded:3.5.0] AndroidManifest.xml:35:5-37:36
24        android:name="android.hardware.camera.flash"
24-->[com.journeyapps:zxing-android-embedded:3.5.0] AndroidManifest.xml:36:9-53
25        android:required="false" />
25-->[com.journeyapps:zxing-android-embedded:3.5.0] AndroidManifest.xml:37:9-33
26    <uses-feature
26-->[com.journeyapps:zxing-android-embedded:3.5.0] AndroidManifest.xml:38:5-40:36
27        android:name="android.hardware.screen.landscape"
27-->[com.journeyapps:zxing-android-embedded:3.5.0] AndroidManifest.xml:39:9-57
28        android:required="false" />
28-->[com.journeyapps:zxing-android-embedded:3.5.0] AndroidManifest.xml:40:9-33
29    <uses-feature
29-->[com.journeyapps:zxing-android-embedded:3.5.0] AndroidManifest.xml:41:5-43:36
30        android:name="android.hardware.wifi"
30-->[com.journeyapps:zxing-android-embedded:3.5.0] AndroidManifest.xml:42:9-45
31        android:required="false" />
31-->[com.journeyapps:zxing-android-embedded:3.5.0] AndroidManifest.xml:43:9-33
32
33    <application
33-->src\main\AndroidManifest.xml:7:5-36:19
34        android:allowBackup="true"
34-->src\main\AndroidManifest.xml:8:9-35
35        android:appComponentFactory="androidx.core.app.CoreComponentFactory"
35-->[androidx.core:core:1.5.0] AndroidManifest.xml:24:18-86
36        android:debuggable="true"
37        android:icon="@mipmap/ic_launcher"
37-->src\main\AndroidManifest.xml:9:9-43
38        android:label="@string/app_name"
38-->src\main\AndroidManifest.xml:10:9-41
39        android:roundIcon="@mipmap/ic_launcher_round"
39-->src\main\AndroidManifest.xml:11:9-54
40        android:supportsRtl="true"
40-->src\main\AndroidManifest.xml:12:9-35
41        android:testOnly="true"
42        android:theme="@style/Theme.Project"
42-->src\main\AndroidManifest.xml:13:9-45
43        android:usesCleartextTraffic="true" >
43-->src\main\AndroidManifest.xml:14:9-44
44        <activity
44-->src\main\AndroidManifest.xml:15:9-17:40
45            android:name="com.example.project.SettingActivity"
45-->src\main\AndroidManifest.xml:16:13-44
46            android:exported="false" />
46-->src\main\AndroidManifest.xml:17:13-37
47        <activity
47-->src\main\AndroidManifest.xml:18:9-20:40
48            android:name="com.example.project.StudentIdActivity"
48-->src\main\AndroidManifest.xml:19:13-46
49            android:exported="false" />
49-->src\main\AndroidManifest.xml:20:13-37
50        <activity
50-->src\main\AndroidManifest.xml:21:9-23:40
51            android:name="com.example.project.BarcodeActivity"
51-->src\main\AndroidManifest.xml:22:13-44
52            android:exported="false" />
52-->src\main\AndroidManifest.xml:23:13-37
53        <activity
53-->src\main\AndroidManifest.xml:24:9-26:40
54            android:name="com.example.project.CheckingActivity"
54-->src\main\AndroidManifest.xml:25:13-45
55            android:exported="false" />
55-->src\main\AndroidManifest.xml:26:13-37
56        <activity
56-->src\main\AndroidManifest.xml:27:9-35:20
57            android:name="com.example.project.MainActivity"
57-->src\main\AndroidManifest.xml:28:13-41
58            android:exported="true" >
58-->src\main\AndroidManifest.xml:29:13-36
59            <intent-filter>
59-->src\main\AndroidManifest.xml:30:13-34:29
60                <action android:name="android.intent.action.MAIN" />
60-->src\main\AndroidManifest.xml:31:17-69
60-->src\main\AndroidManifest.xml:31:25-66
61
62                <category android:name="android.intent.category.LAUNCHER" />
62-->src\main\AndroidManifest.xml:33:17-77
62-->src\main\AndroidManifest.xml:33:27-74
63            </intent-filter>
64        </activity>
65        <activity
65-->[com.journeyapps:zxing-android-embedded:3.5.0] AndroidManifest.xml:46:9-52:63
66            android:name="com.journeyapps.barcodescanner.CaptureActivity"
66-->[com.journeyapps:zxing-android-embedded:3.5.0] AndroidManifest.xml:47:13-74
67            android:clearTaskOnLaunch="true"
67-->[com.journeyapps:zxing-android-embedded:3.5.0] AndroidManifest.xml:48:13-45
68            android:screenOrientation="sensorLandscape"
68-->[com.journeyapps:zxing-android-embedded:3.5.0] AndroidManifest.xml:49:13-56
69            android:stateNotNeeded="true"
69-->[com.journeyapps:zxing-android-embedded:3.5.0] AndroidManifest.xml:50:13-42
70            android:theme="@style/zxing_CaptureTheme"
70-->[com.journeyapps:zxing-android-embedded:3.5.0] AndroidManifest.xml:51:13-54
71            android:windowSoftInputMode="stateAlwaysHidden" />
71-->[com.journeyapps:zxing-android-embedded:3.5.0] AndroidManifest.xml:52:13-60
72    </application>
73
74</manifest>